INFO - 2021-09-24 01:34:03 --> Controller "App\Controllers\base\Beranda" loaded.
INFO - 2021-09-24 01:34:09 --> Controller "App\Controllers\base\Beranda" loaded.
INFO - 2021-09-24 01:34:17 --> Controller "App\Controllers\base\Beranda" loaded.
INFO - 2021-09-24 01:34:43 --> Session: Class initialized using 'CodeIgniter\Session\Handlers\FileHandler' driver.
INFO - 2021-09-24 01:34:43 --> Controller "App\Controllers\admin\Admin" loaded.
INFO - 2021-09-24 01:34:49 --> Session: Class initialized using 'CodeIgniter\Session\Handlers\FileHandler' driver.
INFO - 2021-09-24 01:34:49 --> Controller "App\Controllers\admin\Admin" loaded.
INFO - 2021-09-24 01:34:53 --> Session: Class initialized using 'CodeIgniter\Session\Handlers\FileHandler' driver.
INFO - 2021-09-24 01:34:53 --> Controller "App\Controllers\admin\Admin" loaded.
INFO - 2021-09-24 01:34:54 --> Session: Class initialized using 'CodeIgniter\Session\Handlers\FileHandler' driver.
INFO - 2021-09-24 01:34:54 --> Controller "App\Controllers\admin\Admin" loaded.
INFO - 2021-09-24 01:35:30 --> Session: Class initialized using 'CodeIgniter\Session\Handlers\FileHandler' driver.
INFO - 2021-09-24 01:35:30 --> Controller "App\Controllers\admin\Admin" loaded.
INFO - 2021-09-24 01:35:30 --> Session: Class initialized using 'CodeIgniter\Session\Handlers\FileHandler' driver.
INFO - 2021-09-24 01:35:30 --> Controller "App\Controllers\admin\Admin" loaded.
INFO - 2021-09-24 01:35:40 --> Session: Class initialized using 'CodeIgniter\Session\Handlers\FileHandler' driver.
INFO - 2021-09-24 01:35:40 --> Controller "App\Controllers\base\Dashboard" loaded.
INFO - 2021-09-24 01:35:42 --> Session: Class initialized using 'CodeIgniter\Session\Handlers\FileHandler' driver.
INFO - 2021-09-24 01:35:42 --> Controller "App\Controllers\base\Dashboard" loaded.
INFO - 2021-09-24 01:35:42 --> Session: Class initialized using 'CodeIgniter\Session\Handlers\FileHandler' driver.
INFO - 2021-09-24 01:35:42 --> Controller "App\Controllers\base\Dashboard" loaded.
INFO - 2021-09-24 01:35:44 --> Controller "App\Controllers\base\Beranda" loaded.
INFO - 2021-09-24 01:35:52 --> Session: Class initialized using 'CodeIgniter\Session\Handlers\FileHandler' driver.
INFO - 2021-09-24 01:35:52 --> Controller "App\Controllers\undangan\Undangan" loaded.
INFO - 2021-09-24 01:35:52 --> Session: Class initialized using 'CodeIgniter\Session\Handlers\FileHandler' driver.
INFO - 2021-09-24 01:35:52 --> Controller "App\Controllers\undangan\Undangan" loaded.
INFO - 2021-09-24 01:36:18 --> Session: Class initialized using 'CodeIgniter\Session\Handlers\FileHandler' driver.
INFO - 2021-09-24 01:36:18 --> Controller "App\Controllers\admin\Admin" loaded.
INFO - 2021-09-24 01:36:27 --> Session: Class initialized using 'CodeIgniter\Session\Handlers\FileHandler' driver.
INFO - 2021-09-24 01:36:27 --> Controller "App\Controllers\admin\Admin" loaded.
INFO - 2021-09-24 01:36:33 --> Session: Class initialized using 'CodeIgniter\Session\Handlers\FileHandler' driver.
INFO - 2021-09-24 01:36:33 --> Controller "App\Controllers\admin\Admin" loaded.
INFO - 2021-09-24 01:36:53 --> Session: Class initialized using 'CodeIgniter\Session\Handlers\FileHandler' driver.
INFO - 2021-09-24 01:36:53 --> Controller "App\Controllers\base\Dashboard" loaded.
INFO - 2021-09-24 01:36:53 --> Controller "App\Controllers\base\Beranda" loaded.
INFO - 2021-09-24 01:37:03 --> Session: Class initialized using 'CodeIgniter\Session\Handlers\FileHandler' driver.
INFO - 2021-09-24 01:37:03 --> Controller "App\Controllers\base\Dashboard" loaded.
INFO - 2021-09-24 01:37:04 --> Controller "App\Controllers\base\Beranda" loaded.
INFO - 2021-09-24 01:37:12 --> Session: Class initialized using 'CodeIgniter\Session\Handlers\FileHandler' driver.
INFO - 2021-09-24 01:37:12 --> Controller "App\Controllers\base\Dashboard" loaded.
INFO - 2021-09-24 01:37:12 --> Controller "App\Controllers\base\Beranda" loaded.
INFO - 2021-09-24 01:37:23 --> Session: Class initialized using 'CodeIgniter\Session\Handlers\FileHandler' driver.
INFO - 2021-09-24 01:37:23 --> Controller "App\Controllers\base\Dashboard" loaded.
INFO - 2021-09-24 01:37:23 --> Controller "App\Controllers\base\Beranda" loaded.
INFO - 2021-09-24 01:37:28 --> Session: Class initialized using 'CodeIgniter\Session\Handlers\FileHandler' driver.
INFO - 2021-09-24 01:37:28 --> Controller "App\Controllers\base\Dashboard" loaded.
INFO - 2021-09-24 01:37:29 --> Controller "App\Controllers\base\Beranda" loaded.
INFO - 2021-09-24 01:37:40 --> Session: Class initialized using 'CodeIgniter\Session\Handlers\FileHandler' driver.
INFO - 2021-09-24 01:37:40 --> Controller "App\Controllers\base\Dashboard" loaded.
INFO - 2021-09-24 01:37:41 --> Controller "App\Controllers\base\Beranda" loaded.
INFO - 2021-09-24 01:37:47 --> Session: Class initialized using 'CodeIgniter\Session\Handlers\FileHandler' driver.
INFO - 2021-09-24 01:37:47 --> Controller "App\Controllers\base\Dashboard" loaded.
INFO - 2021-09-24 01:37:50 --> Controller "App\Controllers\base\Beranda" loaded.
INFO - 2021-09-24 01:39:22 --> Session: Class initialized using 'CodeIgniter\Session\Handlers\FileHandler' driver.
INFO - 2021-09-24 01:39:22 --> Controller "App\Controllers\base\Dashboard" loaded.
INFO - 2021-09-24 01:39:22 --> Controller "App\Controllers\base\Beranda" loaded.
INFO - 2021-09-24 01:39:22 --> Session: Class initialized using 'CodeIgniter\Session\Handlers\FileHandler' driver.
INFO - 2021-09-24 01:39:22 --> Controller "App\Controllers\base\Dashboard" loaded.
INFO - 2021-09-24 01:39:23 --> Controller "App\Controllers\base\Beranda" loaded.
INFO - 2021-09-24 01:39:37 --> Session: Class initialized using 'CodeIgniter\Session\Handlers\FileHandler' driver.
INFO - 2021-09-24 01:39:37 --> Controller "App\Controllers\undangan\Undangan" loaded.
INFO - 2021-09-24 01:39:37 --> Session: Class initialized using 'CodeIgniter\Session\Handlers\FileHandler' driver.
INFO - 2021-09-24 01:39:37 --> Controller "App\Controllers\undangan\Undangan" loaded.
INFO - 2021-09-24 01:41:53 --> Session: Class initialized using 'CodeIgniter\Session\Handlers\FileHandler' driver.
INFO - 2021-09-24 01:41:53 --> Controller "App\Controllers\undangan\Undangan" loaded.
INFO - 2021-09-24 01:41:53 --> Session: Class initialized using 'CodeIgniter\Session\Handlers\FileHandler' driver.
INFO - 2021-09-24 01:41:53 --> Controller "App\Controllers\undangan\Undangan" loaded.
INFO - 2021-09-24 01:43:04 --> Session: Class initialized using 'CodeIgniter\Session\Handlers\FileHandler' driver.
INFO - 2021-09-24 01:43:04 --> Controller "App\Controllers\base\Dashboard" loaded.
INFO - 2021-09-24 01:43:04 --> Controller "App\Controllers\base\Beranda" loaded.
INFO - 2021-09-24 01:43:24 --> Session: Class initialized using 'CodeIgniter\Session\Handlers\FileHandler' driver.
INFO - 2021-09-24 01:43:24 --> Controller "App\Controllers\base\Dashboard" loaded.
INFO - 2021-09-24 01:43:24 --> Controller "App\Controllers\base\Beranda" loaded.
INFO - 2021-09-24 01:43:34 --> Session: Class initialized using 'CodeIgniter\Session\Handlers\FileHandler' driver.
INFO - 2021-09-24 01:43:34 --> Controller "App\Controllers\base\Dashboard" loaded.
INFO - 2021-09-24 01:43:34 --> Controller "App\Controllers\base\Beranda" loaded.
INFO - 2021-09-24 01:43:39 --> Session: Class initialized using 'CodeIgniter\Session\Handlers\FileHandler' driver.
INFO - 2021-09-24 01:43:39 --> Controller "App\Controllers\base\Dashboard" loaded.
INFO - 2021-09-24 01:43:39 --> Controller "App\Controllers\base\Beranda" loaded.
INFO - 2021-09-24 01:43:42 --> Session: Class initialized using 'CodeIgniter\Session\Handlers\FileHandler' driver.
INFO - 2021-09-24 01:43:42 --> Controller "App\Controllers\base\Dashboard" loaded.
INFO - 2021-09-24 01:43:42 --> Controller "App\Controllers\base\Beranda" loaded.
INFO - 2021-09-24 01:43:45 --> Session: Class initialized using 'CodeIgniter\Session\Handlers\FileHandler' driver.
INFO - 2021-09-24 01:43:45 --> Controller "App\Controllers\base\Dashboard" loaded.
INFO - 2021-09-24 01:43:46 --> Controller "App\Controllers\base\Beranda" loaded.
INFO - 2021-09-24 01:43:47 --> Session: Class initialized using 'CodeIgniter\Session\Handlers\FileHandler' driver.
INFO - 2021-09-24 01:43:47 --> Controller "App\Controllers\base\Dashboard" loaded.
INFO - 2021-09-24 01:43:47 --> Controller "App\Controllers\base\Beranda" loaded.
INFO - 2021-09-24 01:43:50 --> Session: Class initialized using 'CodeIgniter\Session\Handlers\FileHandler' driver.
INFO - 2021-09-24 01:43:50 --> Controller "App\Controllers\base\Dashboard" loaded.
INFO - 2021-09-24 01:43:51 --> Controller "App\Controllers\base\Beranda" loaded.
INFO - 2021-09-24 01:44:05 --> Session: Class initialized using 'CodeIgniter\Session\Handlers\FileHandler' driver.
INFO - 2021-09-24 01:44:05 --> Controller "App\Controllers\undangan\Undangan" loaded.
INFO - 2021-09-24 01:44:05 --> Session: Class initialized using 'CodeIgniter\Session\Handlers\FileHandler' driver.
INFO - 2021-09-24 01:44:05 --> Controller "App\Controllers\undangan\Undangan" loaded.
INFO - 2021-09-24 01:46:46 --> Controller "App\Controllers\base\Beranda" loaded.
INFO - 2021-09-24 01:47:47 --> Session: Class initialized using 'CodeIgniter\Session\Handlers\FileHandler' driver.
INFO - 2021-09-24 01:47:47 --> Controller "App\Controllers\undangan\Undangan" loaded.
INFO - 2021-09-24 01:49:25 --> Session: Class initialized using 'CodeIgniter\Session\Handlers\FileHandler' driver.
INFO - 2021-09-24 01:49:25 --> Controller "App\Controllers\base\Dashboard" loaded.
INFO - 2021-09-24 01:49:25 --> Controller "App\Controllers\base\Beranda" loaded.
INFO - 2021-09-24 01:51:04 --> Session: Class initialized using 'CodeIgniter\Session\Handlers\FileHandler' driver.
INFO - 2021-09-24 01:51:04 --> Controller "App\Controllers\admin\Admin" loaded.
INFO - 2021-09-24 01:51:06 --> Session: Class initialized using 'CodeIgniter\Session\Handlers\FileHandler' driver.
INFO - 2021-09-24 01:51:06 --> Controller "App\Controllers\admin\Admin" loaded.
INFO - 2021-09-24 01:51:48 --> Session: Class initialized using 'CodeIgniter\Session\Handlers\FileHandler' driver.
INFO - 2021-09-24 01:51:48 --> Controller "App\Controllers\admin\Admin" loaded.
INFO - 2021-09-24 01:51:48 --> Session: Class initialized using 'CodeIgniter\Session\Handlers\FileHandler' driver.
INFO - 2021-09-24 01:51:48 --> Controller "App\Controllers\admin\Admin" loaded.
INFO - 2021-09-24 01:51:51 --> Session: Class initialized using 'CodeIgniter\Session\Handlers\FileHandler' driver.
INFO - 2021-09-24 01:51:51 --> Controller "App\Controllers\admin\Admin" loaded.
INFO - 2021-09-24 01:51:52 --> Session: Class initialized using 'CodeIgniter\Session\Handlers\FileHandler' driver.
INFO - 2021-09-24 01:51:52 --> Controller "App\Controllers\admin\Admin" loaded.
INFO - 2021-09-24 01:51:55 --> Session: Class initialized using 'CodeIgniter\Session\Handlers\FileHandler' driver.
INFO - 2021-09-24 01:51:55 --> Controller "App\Controllers\admin\Admin" loaded.
INFO - 2021-09-24 01:52:03 --> Session: Class initialized using 'CodeIgniter\Session\Handlers\FileHandler' driver.
INFO - 2021-09-24 01:52:03 --> Controller "App\Controllers\admin\Admin" loaded.
INFO - 2021-09-24 01:52:09 --> Session: Class initialized using 'CodeIgniter\Session\Handlers\FileHandler' driver.
INFO - 2021-09-24 01:52:09 --> Controller "App\Controllers\admin\Admin" loaded.
INFO - 2021-09-24 02:03:01 --> Session: Class initialized using 'CodeIgniter\Session\Handlers\FileHandler' driver.
INFO - 2021-09-24 02:03:01 --> Controller "App\Controllers\undangan\Undangan" loaded.
INFO - 2021-09-24 02:03:01 --> Session: Class initialized using 'CodeIgniter\Session\Handlers\FileHandler' driver.
INFO - 2021-09-24 02:03:01 --> Controller "App\Controllers\undangan\Undangan" loaded.
INFO - 2021-09-24 02:05:17 --> Session: Class initialized using 'CodeIgniter\Session\Handlers\FileHandler' driver.
INFO - 2021-09-24 02:05:17 --> Controller "App\Controllers\undangan\Undangan" loaded.
INFO - 2021-09-24 02:05:18 --> Session: Class initialized using 'CodeIgniter\Session\Handlers\FileHandler' driver.
INFO - 2021-09-24 02:05:18 --> Controller "App\Controllers\undangan\Undangan" loaded.
INFO - 2021-09-24 02:05:30 --> Session: Class initialized using 'CodeIgniter\Session\Handlers\FileHandler' driver.
INFO - 2021-09-24 02:05:30 --> Controller "App\Controllers\undangan\Undangan" loaded.
INFO - 2021-09-24 02:07:29 --> Session: Class initialized using 'CodeIgniter\Session\Handlers\FileHandler' driver.
INFO - 2021-09-24 02:07:29 --> Controller "App\Controllers\base\Dashboard" loaded.
INFO - 2021-09-24 02:07:30 --> Controller "App\Controllers\base\Beranda" loaded.
INFO - 2021-09-24 02:07:38 --> Session: Class initialized using 'CodeIgniter\Session\Handlers\FileHandler' driver.
INFO - 2021-09-24 02:07:38 --> Controller "App\Controllers\base\Dashboard" loaded.
INFO - 2021-09-24 02:07:38 --> Controller "App\Controllers\base\Beranda" loaded.
INFO - 2021-09-24 02:08:02 --> Session: Class initialized using 'CodeIgniter\Session\Handlers\FileHandler' driver.
INFO - 2021-09-24 02:08:02 --> Controller "App\Controllers\base\Dashboard" loaded.
INFO - 2021-09-24 02:08:02 --> Controller "App\Controllers\base\Beranda" loaded.
INFO - 2021-09-24 02:09:48 --> Session: Class initialized using 'CodeIgniter\Session\Handlers\FileHandler' driver.
INFO - 2021-09-24 02:09:48 --> Controller "App\Controllers\undangan\Undangan" loaded.
INFO - 2021-09-24 02:10:01 --> Session: Class initialized using 'CodeIgniter\Session\Handlers\FileHandler' driver.
INFO - 2021-09-24 02:10:01 --> Controller "App\Controllers\base\Dashboard" loaded.
INFO - 2021-09-24 02:10:02 --> Controller "App\Controllers\base\Beranda" loaded.
INFO - 2021-09-24 02:10:03 --> Session: Class initialized using 'CodeIgniter\Session\Handlers\FileHandler' driver.
INFO - 2021-09-24 02:10:03 --> Controller "App\Controllers\base\Dashboard" loaded.
INFO - 2021-09-24 02:10:03 --> Controller "App\Controllers\base\Beranda" loaded.
INFO - 2021-09-24 02:10:12 --> Session: Class initialized using 'CodeIgniter\Session\Handlers\FileHandler' driver.
INFO - 2021-09-24 02:10:12 --> Controller "App\Controllers\base\Dashboard" loaded.
INFO - 2021-09-24 02:10:12 --> Controller "App\Controllers\base\Beranda" loaded.
INFO - 2021-09-24 02:10:25 --> Session: Class initialized using 'CodeIgniter\Session\Handlers\FileHandler' driver.
INFO - 2021-09-24 02:10:25 --> Controller "App\Controllers\base\Dashboard" loaded.
INFO - 2021-09-24 02:10:25 --> Controller "App\Controllers\base\Beranda" loaded.
INFO - 2021-09-24 02:10:28 --> Session: Class initialized using 'CodeIgniter\Session\Handlers\FileHandler' driver.
INFO - 2021-09-24 02:10:28 --> Controller "App\Controllers\base\Dashboard" loaded.
INFO - 2021-09-24 02:10:29 --> Controller "App\Controllers\base\Beranda" loaded.
INFO - 2021-09-24 02:10:33 --> Session: Class initialized using 'CodeIgniter\Session\Handlers\FileHandler' driver.
INFO - 2021-09-24 02:10:33 --> Controller "App\Controllers\base\Dashboard" loaded.
INFO - 2021-09-24 02:10:33 --> Controller "App\Controllers\base\Beranda" loaded.
INFO - 2021-09-24 02:10:44 --> Session: Class initialized using 'CodeIgniter\Session\Handlers\FileHandler' driver.
INFO - 2021-09-24 02:10:44 --> Controller "App\Controllers\base\Dashboard" loaded.
INFO - 2021-09-24 02:10:44 --> Controller "App\Controllers\base\Beranda" loaded.
INFO - 2021-09-24 02:11:02 --> Session: Class initialized using 'CodeIgniter\Session\Handlers\FileHandler' driver.
INFO - 2021-09-24 02:11:02 --> Controller "App\Controllers\base\Dashboard" loaded.
INFO - 2021-09-24 02:11:03 --> Controller "App\Controllers\base\Beranda" loaded.
INFO - 2021-09-24 02:11:08 --> Session: Class initialized using 'CodeIgniter\Session\Handlers\FileHandler' driver.
INFO - 2021-09-24 02:11:08 --> Controller "App\Controllers\base\Dashboard" loaded.
INFO - 2021-09-24 02:11:08 --> Controller "App\Controllers\base\Beranda" loaded.
INFO - 2021-09-24 02:11:12 --> Session: Class initialized using 'CodeIgniter\Session\Handlers\FileHandler' driver.
INFO - 2021-09-24 02:11:12 --> Controller "App\Controllers\base\Dashboard" loaded.
INFO - 2021-09-24 02:11:12 --> Controller "App\Controllers\base\Beranda" loaded.
INFO - 2021-09-24 02:11:14 --> Session: Class initialized using 'CodeIgniter\Session\Handlers\FileHandler' driver.
INFO - 2021-09-24 02:11:14 --> Controller "App\Controllers\base\Dashboard" loaded.
INFO - 2021-09-24 02:11:14 --> Controller "App\Controllers\base\Beranda" loaded.
INFO - 2021-09-24 02:11:29 --> Session: Class initialized using 'CodeIgniter\Session\Handlers\FileHandler' driver.
INFO - 2021-09-24 02:11:29 --> Controller "App\Controllers\base\Dashboard" loaded.
INFO - 2021-09-24 02:11:29 --> Controller "App\Controllers\base\Beranda" loaded.
INFO - 2021-09-24 02:11:38 --> Session: Class initialized using 'CodeIgniter\Session\Handlers\FileHandler' driver.
INFO - 2021-09-24 02:11:38 --> Controller "App\Controllers\base\Dashboard" loaded.
INFO - 2021-09-24 02:11:38 --> Controller "App\Controllers\base\Beranda" loaded.
INFO - 2021-09-24 02:12:31 --> Session: Class initialized using 'CodeIgniter\Session\Handlers\FileHandler' driver.
INFO - 2021-09-24 02:12:31 --> Controller "App\Controllers\base\Dashboard" loaded.
INFO - 2021-09-24 02:12:31 --> Controller "App\Controllers\base\Beranda" loaded.
INFO - 2021-09-24 02:15:17 --> Session: Class initialized using 'CodeIgniter\Session\Handlers\FileHandler' driver.
INFO - 2021-09-24 02:15:17 --> Controller "App\Controllers\undangan\Undangan" loaded.
INFO - 2021-09-24 02:16:37 --> Session: Class initialized using 'CodeIgniter\Session\Handlers\FileHandler' driver.
INFO - 2021-09-24 02:16:37 --> Controller "App\Controllers\base\Dashboard" loaded.
INFO - 2021-09-24 02:16:37 --> Session: Class initialized using 'CodeIgniter\Session\Handlers\FileHandler' driver.
INFO - 2021-09-24 02:16:37 --> Controller "App\Controllers\base\Dashboard" loaded.
INFO - 2021-09-24 02:16:38 --> Controller "App\Controllers\base\Beranda" loaded.
INFO - 2021-09-24 02:16:41 --> Controller "App\Controllers\base\Beranda" loaded.
INFO - 2021-09-24 02:16:44 --> Session: Class initialized using 'CodeIgniter\Session\Handlers\FileHandler' driver.
INFO - 2021-09-24 02:16:44 --> Controller "App\Controllers\base\Dashboard" loaded.
INFO - 2021-09-24 02:16:44 --> Session: Class initialized using 'CodeIgniter\Session\Handlers\FileHandler' driver.
INFO - 2021-09-24 02:16:44 --> Controller "App\Controllers\base\Dashboard" loaded.
INFO - 2021-09-24 02:16:51 --> Controller "App\Controllers\base\Beranda" loaded.
INFO - 2021-09-24 02:17:01 --> Session: Class initialized using 'CodeIgniter\Session\Handlers\FileHandler' driver.
INFO - 2021-09-24 02:17:01 --> Controller "App\Controllers\base\Dashboard" loaded.
INFO - 2021-09-24 02:17:01 --> Session: Class initialized using 'CodeIgniter\Session\Handlers\FileHandler' driver.
INFO - 2021-09-24 02:17:01 --> Controller "App\Controllers\base\Dashboard" loaded.
INFO - 2021-09-24 02:17:02 --> Controller "App\Controllers\base\Beranda" loaded.
INFO - 2021-09-24 02:17:05 --> Session: Class initialized using 'CodeIgniter\Session\Handlers\FileHandler' driver.
INFO - 2021-09-24 02:17:05 --> Controller "App\Controllers\base\Dashboard" loaded.
INFO - 2021-09-24 02:17:05 --> Controller "App\Controllers\base\Beranda" loaded.
INFO - 2021-09-24 02:17:11 --> Session: Class initialized using 'CodeIgniter\Session\Handlers\FileHandler' driver.
INFO - 2021-09-24 02:17:11 --> Controller "App\Controllers\base\Dashboard" loaded.
INFO - 2021-09-24 02:17:13 --> Session: Class initialized using 'CodeIgniter\Session\Handlers\FileHandler' driver.
INFO - 2021-09-24 02:17:13 --> Controller "App\Controllers\base\Dashboard" loaded.
INFO - 2021-09-24 02:17:13 --> Controller "App\Controllers\base\Beranda" loaded.
INFO - 2021-09-24 02:17:19 --> Session: Class initialized using 'CodeIgniter\Session\Handlers\FileHandler' driver.
INFO - 2021-09-24 02:17:19 --> Controller "App\Controllers\base\Order" loaded.
INFO - 2021-09-24 02:18:13 --> Session: Class initialized using 'CodeIgniter\Session\Handlers\FileHandler' driver.
INFO - 2021-09-24 02:18:13 --> Controller "App\Controllers\base\Order" loaded.
INFO - 2021-09-24 02:18:34 --> Session: Class initialized using 'CodeIgniter\Session\Handlers\FileHandler' driver.
INFO - 2021-09-24 02:18:34 --> Controller "App\Controllers\admin\Admin" loaded.
INFO - 2021-09-24 02:18:37 --> Session: Class initialized using 'CodeIgniter\Session\Handlers\FileHandler' driver.
INFO - 2021-09-24 02:18:37 --> Controller "App\Controllers\admin\Admin" loaded.
INFO - 2021-09-24 02:18:40 --> Session: Class initialized using 'CodeIgniter\Session\Handlers\FileHandler' driver.
INFO - 2021-09-24 02:18:40 --> Controller "App\Controllers\admin\Admin" loaded.
INFO - 2021-09-24 02:18:42 --> Session: Class initialized using 'CodeIgniter\Session\Handlers\FileHandler' driver.
INFO - 2021-09-24 02:18:42 --> Controller "App\Controllers\admin\Admin" loaded.
INFO - 2021-09-24 02:19:19 --> Session: Class initialized using 'CodeIgniter\Session\Handlers\FileHandler' driver.
INFO - 2021-09-24 02:19:19 --> Controller "App\Controllers\base\Order" loaded.
INFO - 2021-09-24 02:20:04 --> Session: Class initialized using 'CodeIgniter\Session\Handlers\FileHandler' driver.
INFO - 2021-09-24 02:20:04 --> Controller "App\Controllers\base\Order" loaded.
INFO - 2021-09-24 02:20:33 --> Session: Class initialized using 'CodeIgniter\Session\Handlers\FileHandler' driver.
INFO - 2021-09-24 02:20:33 --> Controller "App\Controllers\base\Dashboard" loaded.
INFO - 2021-09-24 02:20:33 --> Controller "App\Controllers\base\Beranda" loaded.
INFO - 2021-09-24 02:21:33 --> Session: Class initialized using 'CodeIgniter\Session\Handlers\FileHandler' driver.
INFO - 2021-09-24 02:21:33 --> Controller "App\Controllers\base\Order" loaded.
INFO - 2021-09-24 02:21:34 --> Controller "App\Controllers\base\Beranda" loaded.
INFO - 2021-09-24 02:21:38 --> Session: Class initialized using 'CodeIgniter\Session\Handlers\FileHandler' driver.
INFO - 2021-09-24 02:21:38 --> Controller "App\Controllers\base\Order" loaded.
INFO - 2021-09-24 02:21:41 --> Session: Class initialized using 'CodeIgniter\Session\Handlers\FileHandler' driver.
INFO - 2021-09-24 02:21:41 --> Controller "App\Controllers\base\Order" loaded.
CRITICAL - 2021-09-24 02:21:42 --> exec() has been disabled for security reasons
#0 [internal function]: CodeIgniter\Debug\Exceptions->errorHandler(2, 'exec() has been...', '/home/u1033037/...', 668, Array)
#1 /home/u1033037/public_html/invitation/app/Controllers/base/Order.php(668): exec('mv assets/users...')
#2 /home/u1033037/public_html/invitation/system/CodeIgniter.php(910): App\Controllers\base\Order->saveData()
#3 /home/u1033037/public_html/invitation/system/CodeIgniter.php(398): CodeIgniter\CodeIgniter->runController(Object(App\Controllers\base\Order))
#4 /home/u1033037/public_html/invitation/system/CodeIgniter.php(306): CodeIgniter\CodeIgniter->handleRequest(NULL, Object(Config\Cache), false)
#5 /home/u1033037/public_html/invitation/index.php(45): CodeIgniter\CodeIgniter->run()
#6 {main}
INFO - 2021-09-24 02:21:53 --> Session: Class initialized using 'CodeIgniter\Session\Handlers\FileHandler' driver.
INFO - 2021-09-24 02:21:53 --> Controller "App\Controllers\base\Order" loaded.
INFO - 2021-09-24 02:22:02 --> Session: Class initialized using 'CodeIgniter\Session\Handlers\FileHandler' driver.
INFO - 2021-09-24 02:22:02 --> Controller "App\Controllers\admin\Admin" loaded.
INFO - 2021-09-24 02:22:09 --> Session: Class initialized using 'CodeIgniter\Session\Handlers\FileHandler' driver.
INFO - 2021-09-24 02:22:09 --> Controller "App\Controllers\admin\Admin" loaded.
INFO - 2021-09-24 02:22:12 --> Session: Class initialized using 'CodeIgniter\Session\Handlers\FileHandler' driver.
INFO - 2021-09-24 02:22:12 --> Controller "App\Controllers\admin\Admin" loaded.
INFO - 2021-09-24 02:22:16 --> Session: Class initialized using 'CodeIgniter\Session\Handlers\FileHandler' driver.
INFO - 2021-09-24 02:22:16 --> Controller "App\Controllers\base\Order" loaded.
INFO - 2021-09-24 02:22:21 --> Controller "App\Controllers\base\Beranda" loaded.
INFO - 2021-09-24 02:22:23 --> Session: Class initialized using 'CodeIgniter\Session\Handlers\FileHandler' driver.
INFO - 2021-09-24 02:22:23 --> Controller "App\Controllers\base\Dashboard" loaded.
INFO - 2021-09-24 02:22:23 --> Session: Class initialized using 'CodeIgniter\Session\Handlers\FileHandler' driver.
INFO - 2021-09-24 02:22:23 --> Controller "App\Controllers\base\Dashboard" loaded.
INFO - 2021-09-24 02:22:23 --> Controller "App\Controllers\base\Beranda" loaded.
INFO - 2021-09-24 02:22:29 --> Session: Class initialized using 'CodeIgniter\Session\Handlers\FileHandler' driver.
INFO - 2021-09-24 02:22:29 --> Controller "App\Controllers\base\Dashboard" loaded.
INFO - 2021-09-24 02:22:29 --> Session: Class initialized using 'CodeIgniter\Session\Handlers\FileHandler' driver.
INFO - 2021-09-24 02:22:29 --> Controller "App\Controllers\base\Dashboard" loaded.
INFO - 2021-09-24 02:22:34 --> Controller "App\Controllers\base\Beranda" loaded.
INFO - 2021-09-24 02:22:49 --> Session: Class initialized using 'CodeIgniter\Session\Handlers\FileHandler' driver.
INFO - 2021-09-24 02:22:49 --> Controller "App\Controllers\base\Dashboard" loaded.
INFO - 2021-09-24 02:22:49 --> Session: Class initialized using 'CodeIgniter\Session\Handlers\FileHandler' driver.
INFO - 2021-09-24 02:22:49 --> Controller "App\Controllers\base\Dashboard" loaded.
INFO - 2021-09-24 02:22:49 --> Controller "App\Controllers\base\Beranda" loaded.
INFO - 2021-09-24 02:23:08 --> Session: Class initialized using 'CodeIgniter\Session\Handlers\FileHandler' driver.
INFO - 2021-09-24 02:23:08 --> Controller "App\Controllers\admin\Admin" loaded.
INFO - 2021-09-24 02:23:09 --> Session: Class initialized using 'CodeIgniter\Session\Handlers\FileHandler' driver.
INFO - 2021-09-24 02:23:09 --> Controller "App\Controllers\admin\Admin" loaded.
INFO - 2021-09-24 02:23:23 --> Session: Class initialized using 'CodeIgniter\Session\Handlers\FileHandler' driver.
INFO - 2021-09-24 02:23:23 --> Controller "App\Controllers\undangan\Undangan" loaded.
INFO - 2021-09-24 02:23:25 --> Session: Class initialized using 'CodeIgniter\Session\Handlers\FileHandler' driver.
INFO - 2021-09-24 02:23:25 --> Controller "App\Controllers\base\Dashboard" loaded.
INFO - 2021-09-24 02:23:26 --> Controller "App\Controllers\base\Beranda" loaded.
INFO - 2021-09-24 02:23:28 --> Session: Class initialized using 'CodeIgniter\Session\Handlers\FileHandler' driver.
INFO - 2021-09-24 02:23:28 --> Controller "App\Controllers\base\Dashboard" loaded.
INFO - 2021-09-24 02:23:28 --> Controller "App\Controllers\base\Beranda" loaded.
INFO - 2021-09-24 02:23:28 --> Controller "App\Controllers\base\Beranda" loaded.
INFO - 2021-09-24 02:23:34 --> Session: Class initialized using 'CodeIgniter\Session\Handlers\FileHandler' driver.
INFO - 2021-09-24 02:23:34 --> Controller "App\Controllers\base\Dashboard" loaded.
INFO - 2021-09-24 02:23:34 --> Session: Class initialized using 'CodeIgniter\Session\Handlers\FileHandler' driver.
INFO - 2021-09-24 02:23:34 --> Controller "App\Controllers\base\Dashboard" loaded.
INFO - 2021-09-24 02:23:34 --> Controller "App\Controllers\base\Beranda" loaded.
INFO - 2021-09-24 02:23:34 --> Controller "App\Controllers\base\Beranda" loaded.
INFO - 2021-09-24 02:23:42 --> Session: Class initialized using 'CodeIgniter\Session\Handlers\FileHandler' driver.
INFO - 2021-09-24 02:23:42 --> Controller "App\Controllers\base\Dashboard" loaded.
INFO - 2021-09-24 02:23:42 --> Session: Class initialized using 'CodeIgniter\Session\Handlers\FileHandler' driver.
INFO - 2021-09-24 02:23:42 --> Controller "App\Controllers\base\Dashboard" loaded.
INFO - 2021-09-24 02:23:42 --> Controller "App\Controllers\base\Beranda" loaded.
INFO - 2021-09-24 02:23:42 --> Controller "App\Controllers\base\Beranda" loaded.
INFO - 2021-09-24 02:25:41 --> Session: Class initialized using 'CodeIgniter\Session\Handlers\FileHandler' driver.
INFO - 2021-09-24 02:25:41 --> Controller "App\Controllers\base\Dashboard" loaded.
INFO - 2021-09-24 02:25:41 --> Controller "App\Controllers\base\Beranda" loaded.
INFO - 2021-09-24 02:25:44 --> Session: Class initialized using 'CodeIgniter\Session\Handlers\FileHandler' driver.
INFO - 2021-09-24 02:25:44 --> Controller "App\Controllers\base\Dashboard" loaded.
INFO - 2021-09-24 02:25:44 --> Controller "App\Controllers\base\Beranda" loaded.
INFO - 2021-09-24 02:25:44 --> Controller "App\Controllers\base\Beranda" loaded.
INFO - 2021-09-24 02:25:48 --> Session: Class initialized using 'CodeIgniter\Session\Handlers\FileHandler' driver.
INFO - 2021-09-24 02:25:48 --> Controller "App\Controllers\base\Dashboard" loaded.
INFO - 2021-09-24 02:25:48 --> Session: Class initialized using 'CodeIgniter\Session\Handlers\FileHandler' driver.
INFO - 2021-09-24 02:25:48 --> Controller "App\Controllers\base\Dashboard" loaded.
INFO - 2021-09-24 02:25:48 --> Controller "App\Controllers\base\Beranda" loaded.
INFO - 2021-09-24 02:25:48 --> Controller "App\Controllers\base\Beranda" loaded.
INFO - 2021-09-24 02:26:57 --> Session: Class initialized using 'CodeIgniter\Session\Handlers\FileHandler' driver.
INFO - 2021-09-24 02:26:57 --> Controller "App\Controllers\base\Dashboard" loaded.
INFO - 2021-09-24 02:26:58 --> Controller "App\Controllers\base\Beranda" loaded.
INFO - 2021-09-24 02:27:00 --> Session: Class initialized using 'CodeIgniter\Session\Handlers\FileHandler' driver.
INFO - 2021-09-24 02:27:00 --> Controller "App\Controllers\base\Dashboard" loaded.
INFO - 2021-09-24 02:27:00 --> Controller "App\Controllers\base\Beranda" loaded.
INFO - 2021-09-24 02:27:00 --> Controller "App\Controllers\base\Beranda" loaded.
INFO - 2021-09-24 02:27:03 --> Session: Class initialized using 'CodeIgniter\Session\Handlers\FileHandler' driver.
INFO - 2021-09-24 02:27:03 --> Controller "App\Controllers\base\Dashboard" loaded.
INFO - 2021-09-24 02:27:04 --> Session: Class initialized using 'CodeIgniter\Session\Handlers\FileHandler' driver.
INFO - 2021-09-24 02:27:04 --> Controller "App\Controllers\base\Dashboard" loaded.
INFO - 2021-09-24 02:27:05 --> Controller "App\Controllers\base\Beranda" loaded.
INFO - 2021-09-24 02:27:05 --> Controller "App\Controllers\base\Beranda" loaded.
INFO - 2021-09-24 02:27:16 --> Session: Class initialized using 'CodeIgniter\Session\Handlers\FileHandler' driver.
INFO - 2021-09-24 02:27:16 --> Controller "App\Controllers\base\Dashboard" loaded.
INFO - 2021-09-24 02:27:17 --> Controller "App\Controllers\base\Beranda" loaded.
INFO - 2021-09-24 02:27:17 --> Controller "App\Controllers\base\Beranda" loaded.
INFO - 2021-09-24 02:27:17 --> Session: Class initialized using 'CodeIgniter\Session\Handlers\FileHandler' driver.
INFO - 2021-09-24 02:27:17 --> Controller "App\Controllers\base\Dashboard" loaded.
INFO - 2021-09-24 02:27:18 --> Controller "App\Controllers\base\Beranda" loaded.
INFO - 2021-09-24 02:27:32 --> Session: Class initialized using 'CodeIgniter\Session\Handlers\FileHandler' driver.
INFO - 2021-09-24 02:27:32 --> Controller "App\Controllers\base\Dashboard" loaded.
INFO - 2021-09-24 02:27:33 --> Session: Class initialized using 'CodeIgniter\Session\Handlers\FileHandler' driver.
INFO - 2021-09-24 02:27:33 --> Controller "App\Controllers\base\Dashboard" loaded.
INFO - 2021-09-24 02:27:33 --> Controller "App\Controllers\base\Beranda" loaded.
INFO - 2021-09-24 02:27:36 --> Session: Class initialized using 'CodeIgniter\Session\Handlers\FileHandler' driver.
INFO - 2021-09-24 02:27:36 --> Controller "App\Controllers\base\Dashboard" loaded.
INFO - 2021-09-24 02:27:36 --> Controller "App\Controllers\base\Beranda" loaded.
INFO - 2021-09-24 02:27:40 --> Session: Class initialized using 'CodeIgniter\Session\Handlers\FileHandler' driver.
INFO - 2021-09-24 02:27:40 --> Controller "App\Controllers\base\Dashboard" loaded.
INFO - 2021-09-24 02:27:45 --> Controller "App\Controllers\base\Beranda" loaded.
INFO - 2021-09-24 02:27:46 --> Controller "App\Controllers\base\Beranda" loaded.
INFO - 2021-09-24 02:27:46 --> Controller "App\Controllers\base\Beranda" loaded.
INFO - 2021-09-24 02:27:46 --> Controller "App\Controllers\base\Beranda" loaded.
INFO - 2021-09-24 02:29:05 --> Session: Class initialized using 'CodeIgniter\Session\Handlers\FileHandler' driver.
INFO - 2021-09-24 02:29:05 --> Controller "App\Controllers\base\Dashboard" loaded.
INFO - 2021-09-24 02:29:05 --> Controller "App\Controllers\base\Beranda" loaded.
INFO - 2021-09-24 02:29:08 --> Session: Class initialized using 'CodeIgniter\Session\Handlers\FileHandler' driver.
INFO - 2021-09-24 02:29:08 --> Controller "App\Controllers\base\Dashboard" loaded.
INFO - 2021-09-24 02:29:09 --> Controller "App\Controllers\base\Beranda" loaded.
INFO - 2021-09-24 02:29:10 --> Session: Class initialized using 'CodeIgniter\Session\Handlers\FileHandler' driver.
INFO - 2021-09-24 02:29:10 --> Controller "App\Controllers\base\Dashboard" loaded.
INFO - 2021-09-24 02:29:11 --> Controller "App\Controllers\base\Beranda" loaded.
INFO - 2021-09-24 02:29:18 --> Session: Class initialized using 'CodeIgniter\Session\Handlers\FileHandler' driver.
INFO - 2021-09-24 02:29:18 --> Controller "App\Controllers\base\Dashboard" loaded.
INFO - 2021-09-24 02:29:18 --> Session: Class initialized using 'CodeIgniter\Session\Handlers\FileHandler' driver.
INFO - 2021-09-24 02:29:18 --> Controller "App\Controllers\base\Dashboard" loaded.
INFO - 2021-09-24 02:29:19 --> Controller "App\Controllers\base\Beranda" loaded.
INFO - 2021-09-24 02:29:27 --> Session: Class initialized using 'CodeIgniter\Session\Handlers\FileHandler' driver.
INFO - 2021-09-24 02:29:27 --> Controller "App\Controllers\base\Dashboard" loaded.
INFO - 2021-09-24 02:29:27 --> Session: Class initialized using 'CodeIgniter\Session\Handlers\FileHandler' driver.
INFO - 2021-09-24 02:29:27 --> Controller "App\Controllers\base\Dashboard" loaded.
INFO - 2021-09-24 02:29:28 --> Controller "App\Controllers\base\Beranda" loaded.
INFO - 2021-09-24 02:29:30 --> Session: Class initialized using 'CodeIgniter\Session\Handlers\FileHandler' driver.
INFO - 2021-09-24 02:29:30 --> Controller "App\Controllers\base\Dashboard" loaded.
INFO - 2021-09-24 02:29:30 --> Controller "App\Controllers\base\Beranda" loaded.
INFO - 2021-09-24 02:29:37 --> Session: Class initialized using 'CodeIgniter\Session\Handlers\FileHandler' driver.
INFO - 2021-09-24 02:29:37 --> Controller "App\Controllers\base\Dashboard" loaded.
INFO - 2021-09-24 02:29:37 --> Session: Class initialized using 'CodeIgniter\Session\Handlers\FileHandler' driver.
INFO - 2021-09-24 02:29:37 --> Controller "App\Controllers\base\Dashboard" loaded.
INFO - 2021-09-24 02:29:37 --> Controller "App\Controllers\base\Beranda" loaded.
INFO - 2021-09-24 02:29:39 --> Session: Class initialized using 'CodeIgniter\Session\Handlers\FileHandler' driver.
INFO - 2021-09-24 02:29:39 --> Controller "App\Controllers\base\Dashboard" loaded.
INFO - 2021-09-24 02:29:39 --> Controller "App\Controllers\base\Beranda" loaded.
INFO - 2021-09-24 02:29:40 --> Session: Class initialized using 'CodeIgniter\Session\Handlers\FileHandler' driver.
INFO - 2021-09-24 02:29:40 --> Controller "App\Controllers\base\Dashboard" loaded.
INFO - 2021-09-24 02:29:40 --> Controller "App\Controllers\base\Beranda" loaded.
INFO - 2021-09-24 02:30:03 --> Session: Class initialized using 'CodeIgniter\Session\Handlers\FileHandler' driver.
INFO - 2021-09-24 02:30:03 --> Controller "App\Controllers\undangan\Undangan" loaded.
INFO - 2021-09-24 02:30:18 --> Session: Class initialized using 'CodeIgniter\Session\Handlers\FileHandler' driver.
INFO - 2021-09-24 02:30:18 --> Controller "App\Controllers\undangan\Undangan" loaded.
INFO - 2021-09-24 02:30:19 --> Session: Class initialized using 'CodeIgniter\Session\Handlers\FileHandler' driver.
INFO - 2021-09-24 02:30:19 --> Controller "App\Controllers\undangan\Undangan" loaded.
INFO - 2021-09-24 02:31:17 --> Session: Class initialized using 'CodeIgniter\Session\Handlers\FileHandler' driver.
INFO - 2021-09-24 02:31:17 --> Controller "App\Controllers\undangan\Undangan" loaded.
INFO - 2021-09-24 02:31:18 --> Session: Class initialized using 'CodeIgniter\Session\Handlers\FileHandler' driver.
INFO - 2021-09-24 02:31:18 --> Controller "App\Controllers\undangan\Undangan" loaded.
INFO - 2021-09-24 02:31:47 --> Session: Class initialized using 'CodeIgniter\Session\Handlers\FileHandler' driver.
INFO - 2021-09-24 02:31:47 --> Controller "App\Controllers\base\Dashboard" loaded.
INFO - 2021-09-24 02:31:48 --> Controller "App\Controllers\base\Beranda" loaded.
INFO - 2021-09-24 02:31:51 --> Session: Class initialized using 'CodeIgniter\Session\Handlers\FileHandler' driver.
INFO - 2021-09-24 02:31:51 --> Controller "App\Controllers\base\Dashboard" loaded.
INFO - 2021-09-24 02:31:51 --> Controller "App\Controllers\base\Beranda" loaded.
INFO - 2021-09-24 02:31:53 --> Session: Class initialized using 'CodeIgniter\Session\Handlers\FileHandler' driver.
INFO - 2021-09-24 02:31:53 --> Controller "App\Controllers\base\Dashboard" loaded.
INFO - 2021-09-24 02:31:54 --> Controller "App\Controllers\base\Beranda" loaded.
INFO - 2021-09-24 02:31:57 --> Session: Class initialized using 'CodeIgniter\Session\Handlers\FileHandler' driver.
INFO - 2021-09-24 02:31:57 --> Controller "App\Controllers\base\Dashboard" loaded.
INFO - 2021-09-24 02:31:57 --> Controller "App\Controllers\base\Beranda" loaded.
INFO - 2021-09-24 02:32:04 --> Session: Class initialized using 'CodeIgniter\Session\Handlers\FileHandler' driver.
INFO - 2021-09-24 02:32:04 --> Controller "App\Controllers\base\Dashboard" loaded.
INFO - 2021-09-24 02:32:04 --> Controller "App\Controllers\base\Beranda" loaded.
INFO - 2021-09-24 02:32:11 --> Session: Class initialized using 'CodeIgniter\Session\Handlers\FileHandler' driver.
INFO - 2021-09-24 02:32:11 --> Controller "App\Controllers\base\Dashboard" loaded.
INFO - 2021-09-24 02:32:12 --> Controller "App\Controllers\base\Beranda" loaded.
INFO - 2021-09-24 02:32:14 --> Session: Class initialized using 'CodeIgniter\Session\Handlers\FileHandler' driver.
INFO - 2021-09-24 02:32:14 --> Controller "App\Controllers\base\Dashboard" loaded.
INFO - 2021-09-24 02:32:14 --> Controller "App\Controllers\base\Beranda" loaded.
INFO - 2021-09-24 02:32:15 --> Session: Class initialized using 'CodeIgniter\Session\Handlers\FileHandler' driver.
INFO - 2021-09-24 02:32:15 --> Controller "App\Controllers\base\Dashboard" loaded.
INFO - 2021-09-24 02:32:15 --> Controller "App\Controllers\base\Beranda" loaded.
INFO - 2021-09-24 02:32:16 --> Session: Class initialized using 'CodeIgniter\Session\Handlers\FileHandler' driver.
INFO - 2021-09-24 02:32:16 --> Controller "App\Controllers\base\Dashboard" loaded.
INFO - 2021-09-24 02:32:16 --> Controller "App\Controllers\base\Beranda" loaded.
INFO - 2021-09-24 02:32:17 --> Session: Class initialized using 'CodeIgniter\Session\Handlers\FileHandler' driver.
INFO - 2021-09-24 02:32:17 --> Controller "App\Controllers\base\Dashboard" loaded.
INFO - 2021-09-24 02:32:17 --> Controller "App\Controllers\base\Beranda" loaded.
INFO - 2021-09-24 02:32:18 --> Session: Class initialized using 'CodeIgniter\Session\Handlers\FileHandler' driver.
INFO - 2021-09-24 02:32:18 --> Controller "App\Controllers\base\Dashboard" loaded.
INFO - 2021-09-24 02:32:18 --> Controller "App\Controllers\base\Beranda" loaded.
INFO - 2021-09-24 02:32:20 --> Session: Class initialized using 'CodeIgniter\Session\Handlers\FileHandler' driver.
INFO - 2021-09-24 02:32:20 --> Controller "App\Controllers\base\Dashboard" loaded.
INFO - 2021-09-24 02:32:20 --> Controller "App\Controllers\base\Beranda" loaded.
INFO - 2021-09-24 02:32:28 --> Session: Class initialized using 'CodeIgniter\Session\Handlers\FileHandler' driver.
INFO - 2021-09-24 02:32:28 --> Controller "App\Controllers\base\Dashboard" loaded.
INFO - 2021-09-24 02:32:28 --> Controller "App\Controllers\base\Beranda" loaded.
INFO - 2021-09-24 02:32:52 --> Session: Class initialized using 'CodeIgniter\Session\Handlers\FileHandler' driver.
INFO - 2021-09-24 02:32:52 --> Controller "App\Controllers\undangan\Undangan" loaded.
INFO - 2021-09-24 02:32:53 --> Session: Class initialized using 'CodeIgniter\Session\Handlers\FileHandler' driver.
INFO - 2021-09-24 02:32:53 --> Controller "App\Controllers\undangan\Undangan" loaded.
INFO - 2021-09-24 02:32:56 --> Session: Class initialized using 'CodeIgniter\Session\Handlers\FileHandler' driver.
INFO - 2021-09-24 02:32:56 --> Controller "App\Controllers\admin\Admin" loaded.
INFO - 2021-09-24 02:33:05 --> Session: Class initialized using 'CodeIgniter\Session\Handlers\FileHandler' driver.
INFO - 2021-09-24 02:33:05 --> Controller "App\Controllers\admin\Admin" loaded.
INFO - 2021-09-24 02:33:05 --> Session: Class initialized using 'CodeIgniter\Session\Handlers\FileHandler' driver.
INFO - 2021-09-24 02:33:05 --> Controller "App\Controllers\admin\Admin" loaded.
INFO - 2021-09-24 02:33:18 --> Session: Class initialized using 'CodeIgniter\Session\Handlers\FileHandler' driver.
INFO - 2021-09-24 02:33:18 --> Controller "App\Controllers\base\Dashboard" loaded.
INFO - 2021-09-24 02:33:19 --> Session: Class initialized using 'CodeIgniter\Session\Handlers\FileHandler' driver.
INFO - 2021-09-24 02:33:19 --> Controller "App\Controllers\base\Dashboard" loaded.
INFO - 2021-09-24 02:33:48 --> Session: Class initialized using 'CodeIgniter\Session\Handlers\FileHandler' driver.
INFO - 2021-09-24 02:33:48 --> Controller "App\Controllers\base\Dashboard" loaded.
INFO - 2021-09-24 02:34:25 --> Session: Class initialized using 'CodeIgniter\Session\Handlers\FileHandler' driver.
INFO - 2021-09-24 02:34:25 --> Controller "App\Controllers\base\Dashboard" loaded.
INFO - 2021-09-24 02:34:42 --> Session: Class initialized using 'CodeIgniter\Session\Handlers\FileHandler' driver.
INFO - 2021-09-24 02:34:42 --> Controller "App\Controllers\base\Dashboard" loaded.
INFO - 2021-09-24 02:34:43 --> Session: Class initialized using 'CodeIgniter\Session\Handlers\FileHandler' driver.
INFO - 2021-09-24 02:34:43 --> Controller "App\Controllers\base\Dashboard" loaded.
INFO - 2021-09-24 02:34:43 --> Controller "App\Controllers\base\Beranda" loaded.
INFO - 2021-09-24 02:34:45 --> Session: Class initialized using 'CodeIgniter\Session\Handlers\FileHandler' driver.
INFO - 2021-09-24 02:34:45 --> Controller "App\Controllers\undangan\Undangan" loaded.
INFO - 2021-09-24 02:34:53 --> Session: Class initialized using 'CodeIgniter\Session\Handlers\FileHandler' driver.
INFO - 2021-09-24 02:34:53 --> Controller "App\Controllers\base\Dashboard" loaded.
INFO - 2021-09-24 02:34:53 --> Controller "App\Controllers\base\Beranda" loaded.
INFO - 2021-09-24 02:34:59 --> Session: Class initialized using 'CodeIgniter\Session\Handlers\FileHandler' driver.
INFO - 2021-09-24 02:34:59 --> Controller "App\Controllers\base\Dashboard" loaded.
INFO - 2021-09-24 02:34:59 --> Controller "App\Controllers\base\Beranda" loaded.
INFO - 2021-09-24 02:35:03 --> Session: Class initialized using 'CodeIgniter\Session\Handlers\FileHandler' driver.
INFO - 2021-09-24 02:35:03 --> Controller "App\Controllers\base\Dashboard" loaded.
INFO - 2021-09-24 02:35:04 --> Controller "App\Controllers\base\Beranda" loaded.
INFO - 2021-09-24 02:35:14 --> Session: Class initialized using 'CodeIgniter\Session\Handlers\FileHandler' driver.
INFO - 2021-09-24 02:35:14 --> Controller "App\Controllers\base\Dashboard" loaded.
INFO - 2021-09-24 02:35:15 --> Controller "App\Controllers\base\Beranda" loaded.
INFO - 2021-09-24 02:35:21 --> Session: Class initialized using 'CodeIgniter\Session\Handlers\FileHandler' driver.
INFO - 2021-09-24 02:35:21 --> Controller "App\Controllers\base\Dashboard" loaded.
INFO - 2021-09-24 02:35:22 --> Session: Class initialized using 'CodeIgniter\Session\Handlers\FileHandler' driver.
INFO - 2021-09-24 02:35:22 --> Controller "App\Controllers\base\Dashboard" loaded.
INFO - 2021-09-24 02:41:14 --> Session: Class initialized using 'CodeIgniter\Session\Handlers\FileHandler' driver.
INFO - 2021-09-24 02:41:14 --> Controller "App\Controllers\base\Dashboard" loaded.
INFO - 2021-09-24 02:42:41 --> Session: Class initialized using 'CodeIgniter\Session\Handlers\FileHandler' driver.
INFO - 2021-09-24 02:42:41 --> Controller "App\Controllers\base\Dashboard" loaded.
INFO - 2021-09-24 02:42:41 --> Session: Class initialized using 'CodeIgniter\Session\Handlers\FileHandler' driver.
INFO - 2021-09-24 02:42:41 --> Controller "App\Controllers\base\Dashboard" loaded.
INFO - 2021-09-24 02:42:41 --> Controller "App\Controllers\base\Beranda" loaded.
INFO - 2021-09-24 02:42:51 --> Session: Class initialized using 'CodeIgniter\Session\Handlers\FileHandler' driver.
INFO - 2021-09-24 02:42:51 --> Controller "App\Controllers\undangan\Undangan" loaded.
INFO - 2021-09-24 02:42:51 --> Session: Class initialized using 'CodeIgniter\Session\Handlers\FileHandler' driver.
INFO - 2021-09-24 02:42:51 --> Controller "App\Controllers\undangan\Undangan" loaded.
INFO - 2021-09-24 02:43:12 --> Session: Class initialized using 'CodeIgniter\Session\Handlers\FileHandler' driver.
INFO - 2021-09-24 02:43:12 --> Controller "App\Controllers\base\Dashboard" loaded.
INFO - 2021-09-24 02:43:12 --> Session: Class initialized using 'CodeIgniter\Session\Handlers\FileHandler' driver.
INFO - 2021-09-24 02:43:12 --> Controller "App\Controllers\base\Dashboard" loaded.
INFO - 2021-09-24 02:43:13 --> Controller "App\Controllers\base\Beranda" loaded.
INFO - 2021-09-24 02:43:44 --> Session: Class initialized using 'CodeIgniter\Session\Handlers\FileHandler' driver.
INFO - 2021-09-24 02:43:44 --> Controller "App\Controllers\base\Dashboard" loaded.
INFO - 2021-09-24 02:43:44 --> Session: Class initialized using 'CodeIgniter\Session\Handlers\FileHandler' driver.
INFO - 2021-09-24 02:43:44 --> Controller "App\Controllers\base\Dashboard" loaded.
INFO - 2021-09-24 02:43:44 --> Controller "App\Controllers\base\Beranda" loaded.
INFO - 2021-09-24 06:17:16 --> Session: Class initialized using 'CodeIgniter\Session\Handlers\FileHandler' driver.
INFO - 2021-09-24 06:17:16 --> Controller "App\Controllers\undangan\Undangan" loaded.
INFO - 2021-09-24 08:54:19 --> Controller "App\Controllers\base\Beranda" loaded.
INFO - 2021-09-24 08:54:20 --> Controller "App\Controllers\base\Beranda" loaded.
