INFO - 2021-08-17 00:18:57 --> Controller "App\Controllers\base\Beranda" loaded.
INFO - 2021-08-17 00:19:07 --> Controller "App\Controllers\base\Beranda" loaded.
INFO - 2021-08-17 00:24:08 --> Controller "App\Controllers\base\Beranda" loaded.
INFO - 2021-08-17 00:43:22 --> Controller "App\Controllers\base\Beranda" loaded.
INFO - 2021-08-17 00:43:37 --> Session: Class initialized using 'CodeIgniter\Session\Handlers\FileHandler' driver.
INFO - 2021-08-17 00:43:37 --> Controller "App\Controllers\admin\Admin" loaded.
INFO - 2021-08-17 00:43:42 --> Session: Class initialized using 'CodeIgniter\Session\Handlers\FileHandler' driver.
INFO - 2021-08-17 00:43:42 --> Controller "App\Controllers\admin\Admin" loaded.
INFO - 2021-08-17 00:44:09 --> Session: Class initialized using 'CodeIgniter\Session\Handlers\FileHandler' driver.
INFO - 2021-08-17 00:44:09 --> Controller "App\Controllers\admin\Admin" loaded.
INFO - 2021-08-17 00:44:10 --> Session: Class initialized using 'CodeIgniter\Session\Handlers\FileHandler' driver.
INFO - 2021-08-17 00:44:10 --> Controller "App\Controllers\admin\Admin" loaded.
INFO - 2021-08-17 00:44:27 --> Session: Class initialized using 'CodeIgniter\Session\Handlers\FileHandler' driver.
INFO - 2021-08-17 00:44:27 --> Controller "App\Controllers\undangan\Undangan" loaded.
INFO - 2021-08-17 00:44:32 --> Session: Class initialized using 'CodeIgniter\Session\Handlers\FileHandler' driver.
INFO - 2021-08-17 00:44:32 --> Controller "App\Controllers\undangan\Undangan" loaded.
INFO - 2021-08-17 00:44:42 --> Session: Class initialized using 'CodeIgniter\Session\Handlers\FileHandler' driver.
INFO - 2021-08-17 00:44:42 --> Controller "App\Controllers\base\Dashboard" loaded.
INFO - 2021-08-17 00:44:45 --> Controller "App\Controllers\base\Beranda" loaded.
INFO - 2021-08-17 00:44:47 --> Session: Class initialized using 'CodeIgniter\Session\Handlers\FileHandler' driver.
INFO - 2021-08-17 00:44:47 --> Controller "App\Controllers\base\Dashboard" loaded.
INFO - 2021-08-17 00:45:09 --> Session: Class initialized using 'CodeIgniter\Session\Handlers\FileHandler' driver.
INFO - 2021-08-17 00:45:09 --> Controller "App\Controllers\base\Dashboard" loaded.
INFO - 2021-08-17 00:45:10 --> Session: Class initialized using 'CodeIgniter\Session\Handlers\FileHandler' driver.
INFO - 2021-08-17 00:45:10 --> Controller "App\Controllers\base\Dashboard" loaded.
INFO - 2021-08-17 00:45:12 --> Controller "App\Controllers\base\Beranda" loaded.
INFO - 2021-08-17 01:26:28 --> Controller "App\Controllers\base\Beranda" loaded.
INFO - 2021-08-17 01:26:28 --> Controller "App\Controllers\base\Beranda" loaded.
INFO - 2021-08-17 01:26:37 --> Controller "App\Controllers\base\Beranda" loaded.
INFO - 2021-08-17 09:34:15 --> Controller "App\Controllers\base\Beranda" loaded.
INFO - 2021-08-17 14:17:09 --> Session: Class initialized using 'CodeIgniter\Session\Handlers\FileHandler' driver.
INFO - 2021-08-17 14:17:09 --> Controller "App\Controllers\admin\Admin" loaded.
INFO - 2021-08-17 17:33:22 --> Controller "App\Controllers\base\Beranda" loaded.
INFO - 2021-08-17 17:33:23 --> Controller "App\Controllers\base\Beranda" loaded.
INFO - 2021-08-17 22:24:59 --> Controller "App\Controllers\base\Beranda" loaded.
