INFO - 2021-08-13 01:38:35 --> Controller "App\Controllers\base\Beranda" loaded.
INFO - 2021-08-13 01:38:49 --> Controller "App\Controllers\base\Beranda" loaded.
INFO - 2021-08-13 01:39:26 --> Controller "App\Controllers\base\Beranda" loaded.
INFO - 2021-08-13 01:39:39 --> Controller "App\Controllers\base\Beranda" loaded.
INFO - 2021-08-13 01:40:02 --> Controller "App\Controllers\base\Beranda" loaded.
INFO - 2021-08-13 02:12:42 --> Session: Class initialized using 'CodeIgniter\Session\Handlers\FileHandler' driver.
INFO - 2021-08-13 02:12:42 --> Controller "App\Controllers\admin\Admin" loaded.
INFO - 2021-08-13 03:02:07 --> Session: Class initialized using 'CodeIgniter\Session\Handlers\FileHandler' driver.
INFO - 2021-08-13 03:02:07 --> Controller "App\Controllers\undangan\Undangan" loaded.
INFO - 2021-08-13 05:14:35 --> Controller "App\Controllers\base\Beranda" loaded.
INFO - 2021-08-13 05:22:12 --> Controller "App\Controllers\base\Beranda" loaded.
INFO - 2021-08-13 05:22:14 --> Controller "App\Controllers\base\Beranda" loaded.
INFO - 2021-08-13 05:36:55 --> Controller "App\Controllers\base\Beranda" loaded.
INFO - 2021-08-13 05:39:31 --> Controller "App\Controllers\base\Beranda" loaded.
INFO - 2021-08-13 05:39:32 --> Controller "App\Controllers\base\Beranda" loaded.
INFO - 2021-08-13 05:39:32 --> Controller "App\Controllers\base\Beranda" loaded.
INFO - 2021-08-13 05:39:33 --> Controller "App\Controllers\base\Beranda" loaded.
INFO - 2021-08-13 05:39:33 --> Controller "App\Controllers\base\Beranda" loaded.
INFO - 2021-08-13 05:39:34 --> Controller "App\Controllers\base\Beranda" loaded.
INFO - 2021-08-13 05:39:35 --> Controller "App\Controllers\base\Beranda" loaded.
INFO - 2021-08-13 05:39:35 --> Controller "App\Controllers\base\Beranda" loaded.
INFO - 2021-08-13 05:39:35 --> Controller "App\Controllers\base\Beranda" loaded.
INFO - 2021-08-13 05:39:36 --> Controller "App\Controllers\base\Beranda" loaded.
INFO - 2021-08-13 05:39:36 --> Controller "App\Controllers\base\Beranda" loaded.
INFO - 2021-08-13 05:39:55 --> Controller "App\Controllers\base\Beranda" loaded.
INFO - 2021-08-13 05:39:56 --> Controller "App\Controllers\base\Beranda" loaded.
INFO - 2021-08-13 05:39:56 --> Controller "App\Controllers\base\Beranda" loaded.
INFO - 2021-08-13 05:42:34 --> Controller "App\Controllers\base\Beranda" loaded.
INFO - 2021-08-13 05:42:34 --> Controller "App\Controllers\base\Beranda" loaded.
INFO - 2021-08-13 05:42:34 --> Controller "App\Controllers\base\Beranda" loaded.
INFO - 2021-08-13 05:42:36 --> Controller "App\Controllers\base\Beranda" loaded.
INFO - 2021-08-13 05:42:36 --> Controller "App\Controllers\base\Beranda" loaded.
INFO - 2021-08-13 05:42:37 --> Controller "App\Controllers\base\Beranda" loaded.
INFO - 2021-08-13 05:42:37 --> Controller "App\Controllers\base\Beranda" loaded.
INFO - 2021-08-13 05:42:40 --> Controller "App\Controllers\base\Beranda" loaded.
INFO - 2021-08-13 05:42:40 --> Controller "App\Controllers\base\Beranda" loaded.
INFO - 2021-08-13 05:42:41 --> Controller "App\Controllers\base\Beranda" loaded.
INFO - 2021-08-13 05:42:41 --> Controller "App\Controllers\base\Beranda" loaded.
INFO - 2021-08-13 05:42:46 --> Controller "App\Controllers\base\Beranda" loaded.
INFO - 2021-08-13 05:42:47 --> Controller "App\Controllers\base\Beranda" loaded.
INFO - 2021-08-13 05:42:47 --> Controller "App\Controllers\base\Beranda" loaded.
INFO - 2021-08-13 05:42:47 --> Controller "App\Controllers\base\Beranda" loaded.
INFO - 2021-08-13 05:42:53 --> Controller "App\Controllers\base\Beranda" loaded.
INFO - 2021-08-13 05:42:53 --> Controller "App\Controllers\base\Beranda" loaded.
INFO - 2021-08-13 05:42:54 --> Controller "App\Controllers\base\Beranda" loaded.
INFO - 2021-08-13 05:42:54 --> Controller "App\Controllers\base\Beranda" loaded.
INFO - 2021-08-13 05:45:37 --> Controller "App\Controllers\base\Beranda" loaded.
INFO - 2021-08-13 05:45:37 --> Controller "App\Controllers\base\Beranda" loaded.
INFO - 2021-08-13 05:45:37 --> Controller "App\Controllers\base\Beranda" loaded.
INFO - 2021-08-13 05:45:38 --> Controller "App\Controllers\base\Beranda" loaded.
INFO - 2021-08-13 05:45:38 --> Controller "App\Controllers\base\Beranda" loaded.
INFO - 2021-08-13 05:45:38 --> Controller "App\Controllers\base\Beranda" loaded.
INFO - 2021-08-13 05:45:39 --> Controller "App\Controllers\base\Beranda" loaded.
INFO - 2021-08-13 05:45:39 --> Controller "App\Controllers\base\Beranda" loaded.
INFO - 2021-08-13 05:46:13 --> Controller "App\Controllers\base\Beranda" loaded.
INFO - 2021-08-13 05:48:10 --> Controller "App\Controllers\base\Beranda" loaded.
INFO - 2021-08-13 05:49:17 --> Controller "App\Controllers\base\Beranda" loaded.
INFO - 2021-08-13 05:49:29 --> Controller "App\Controllers\base\Beranda" loaded.
INFO - 2021-08-13 05:54:28 --> Controller "App\Controllers\base\Beranda" loaded.
INFO - 2021-08-13 05:54:28 --> Controller "App\Controllers\base\Beranda" loaded.
INFO - 2021-08-13 05:54:29 --> Controller "App\Controllers\base\Beranda" loaded.
INFO - 2021-08-13 05:54:29 --> Controller "App\Controllers\base\Beranda" loaded.
INFO - 2021-08-13 05:54:48 --> Controller "App\Controllers\base\Beranda" loaded.
INFO - 2021-08-13 05:55:36 --> Controller "App\Controllers\base\Beranda" loaded.
INFO - 2021-08-13 05:55:40 --> Controller "App\Controllers\base\Beranda" loaded.
INFO - 2021-08-13 05:55:54 --> Controller "App\Controllers\base\Beranda" loaded.
INFO - 2021-08-13 05:55:54 --> Controller "App\Controllers\base\Beranda" loaded.
INFO - 2021-08-13 05:55:54 --> Controller "App\Controllers\base\Beranda" loaded.
INFO - 2021-08-13 05:57:06 --> Controller "App\Controllers\base\Beranda" loaded.
INFO - 2021-08-13 05:57:16 --> Controller "App\Controllers\base\Beranda" loaded.
INFO - 2021-08-13 05:59:22 --> Controller "App\Controllers\base\Beranda" loaded.
INFO - 2021-08-13 05:59:25 --> Session: Class initialized using 'CodeIgniter\Session\Handlers\FileHandler' driver.
INFO - 2021-08-13 05:59:25 --> Controller "App\Controllers\base\Order" loaded.
INFO - 2021-08-13 06:00:00 --> Controller "App\Controllers\base\Beranda" loaded.
INFO - 2021-08-13 06:00:18 --> Controller "App\Controllers\base\Beranda" loaded.
INFO - 2021-08-13 06:00:43 --> Controller "App\Controllers\base\Beranda" loaded.
INFO - 2021-08-13 06:01:05 --> Controller "App\Controllers\base\Beranda" loaded.
INFO - 2021-08-13 07:05:07 --> Controller "App\Controllers\base\Beranda" loaded.
INFO - 2021-08-13 07:05:09 --> Controller "App\Controllers\base\Beranda" loaded.
INFO - 2021-08-13 07:05:13 --> Controller "App\Controllers\base\Beranda" loaded.
INFO - 2021-08-13 07:05:21 --> Controller "App\Controllers\base\Beranda" loaded.
INFO - 2021-08-13 07:05:27 --> Controller "App\Controllers\base\Beranda" loaded.
INFO - 2021-08-13 07:05:55 --> Controller "App\Controllers\base\Beranda" loaded.
INFO - 2021-08-13 07:05:55 --> Controller "App\Controllers\base\Beranda" loaded.
INFO - 2021-08-13 07:05:55 --> Controller "App\Controllers\base\Beranda" loaded.
INFO - 2021-08-13 07:06:13 --> Controller "App\Controllers\base\Beranda" loaded.
INFO - 2021-08-13 07:06:21 --> Controller "App\Controllers\base\Beranda" loaded.
INFO - 2021-08-13 22:02:20 --> Controller "App\Controllers\base\Beranda" loaded.
INFO - 2021-08-13 22:26:39 --> Controller "App\Controllers\base\Beranda" loaded.
